#
# A fatal error has been detected by the Java Runtime Environment:
#
#  EXCEPTION_ACCESS_VIOLATION (0xc0000005) at pc=0xfff9664b, pid=8124, tid=0x000007b4
#
# JRE version: Java(TM) SE Runtime Environment (8.0_181-b13) (build 1.8.0_181-b13)
# Java VM: Java HotSpot(TM) Client VM (25.181-b13 mixed mode windows-x86 )
# Problematic frame:
# C  0xfff9664b
#
# Failed to write core dump. Minidumps are not enabled by default on client versions of Windows
#
# If you would like to submit a bug report, please visit:
#   http://bugreport.java.com/bugreport/crash.jsp
# The crash happened outside the Java Virtual Machine in native code.
# See problematic frame for where to report the bug.
#

---------------  T H R E A D  ---------------

Current thread (0x004ae400):  JavaThread "main" [_thread_in_native, id=1972, stack(0x00090000,0x00190000)]

siginfo: ExceptionCode=0xc0000005, reading address 0xffffffff

Registers:
EAX=0x000000aa, EBX=0x00000000, ECX=0x00000034, EDX=0x0018cc90
ESP=0x0018cc84, EBP=0x0018d300, ESI=0x005e0350, EDI=0x1591e3ce
EIP=0xfff9664b, EFLAGS=0x00010202

Top of Stack: (sp=0x0018cc84)
0x0018cc84:   fff96644 77980911 75544350 0018cfd0
0x0018cc94:   0018cfb0 02000000 02000000 00000000
0x0018cca4:   00000000 00000004 00000001 005e0350
0x0018ccb4:   0018ce54 0018d1d0 12338ee2 13eb29d0
0x0018ccc4:   00000000 0018d3b4 5ee04a96 16abaf10
0x0018ccd4:   5ee04ae9 004ae400 5ed14cd7 5ed1397c
0x0018cce4:   004ae400 0018cd20 5ed15465 0cd06540
0x0018ccf4:   0cd06540 0cd035a0 00000044 00000000 

Instructions: (pc=0xfff9664b)
0xfff9662b:   20 00 b8 4a 00 00 00 e8 10 00 00 00 c2 24 00 b8
0xfff9663b:   aa 00 00 00 e8 03 00 00 00 c2 2c 00 8d 54 24 0c
0xfff9664b:   cd 2e 83 f8 00 7c 19 60 e8 00 00 00 00 8b 54 24
0xfff9665b:   30 5d 8b 1a 81 ed 58 76 27 0d e8 0a bf ff ff 61 


Register to memory mapping:

EAX=0x000000aa is an unknown value
EBX=0x00000000 is an unknown value
ECX=0x00000034 is an unknown value
EDX=0x0018cc90 is pointing into the stack for thread: 0x004ae400
ESP=0x0018cc84 is pointing into the stack for thread: 0x004ae400
EBP=0x0018d300 is pointing into the stack for thread: 0x004ae400
ESI=0x005e0350 is an unknown value
EDI=0x1591e3ce is an unknown value


Stack: [0x00090000,0x00190000],  sp=0x0018cc84,  free space=1011k
Native frames: (J=compiled Java code, j=interpreted, Vv=VM code, C=native code)
C  0xfff9664b
C  [kernel32.dll+0x11069]
C  [java.dll+0x4683]
C  0x00000914

Java frames: (J=compiled Java code, j=interpreted, Vv=VM code)
j  java.lang.ProcessImpl.create(Ljava/lang/String;Ljava/lang/String;Ljava/lang/String;[JZ)J+0
j  java.lang.ProcessImpl.<init>([Ljava/lang/String;Ljava/lang/String;Ljava/lang/String;[JZ)V+233
j  java.lang.ProcessImpl.start([Ljava/lang/String;Ljava/util/Map;Ljava/lang/String;[Ljava/lang/ProcessBuilder$Redirect;Z)Ljava/lang/Process;+300
j  java.lang.ProcessBuilder.start()Ljava/lang/Process;+161
j  java.lang.Runtime.exec([Ljava/lang/String;[Ljava/lang/String;Ljava/io/File;)Ljava/lang/Process;+16
j  java.lang.Runtime.exec(Ljava/lang/String;[Ljava/lang/String;Ljava/io/File;)Ljava/lang/Process;+69
j  java.lang.Runtime.exec(Ljava/lang/String;)Ljava/lang/Process;+4
j  bk.a(Ljava/lang/String;Ljava/lang/String;)Ljava/util/List;+51
j  bk.a()Ljava/util/List;+4
j  com.hisilicon.fastboot.model.BoardConfig.<clinit>()V+0
v  ~StubRoutines::call_stub
j  com.hisilicon.fastboot.model.BurnContext.<init>()V+30
j  q.a()V+197
j  q.<init>(Ljava/lang/String;)V+10
j  com.hisilicon.fastboot.views.FastbootView.deviceChanged(Ljava/lang/String;)V+66
j  com.hisilicon.fastboot.views.FastbootView.deviceChanged(Lcom/soyatec/hisilicon/platform/api/chips/Chip;)V+489
j  com.hisilicon.fastboot.views.FastbootView.init(Lorg/eclipse/ui/IViewSite;)V+118
j  org.eclipse.ui.part.ViewPart.init(Lorg/eclipse/ui/IViewSite;Lorg/eclipse/ui/IMemento;)V+2
j  org.eclipse.ui.internal.ViewReference.initialize(Lorg/eclipse/ui/IWorkbenchPart;)V+43
j  org.eclipse.ui.internal.e4.compatibility.CompatibilityPart.create()V+53
v  ~StubRoutines::call_stub
j  sun.reflect.NativeMethodAccessorImpl.invoke0(Ljava/lang/reflect/Method;Ljava/lang/Object;[Ljava/lang/Object;)Ljava/lang/Object;+0
j  sun.reflect.NativeMethodAccessorImpl.invoke(Ljava/lang/Object;[Ljava/lang/Object;)Ljava/lang/Object;+100
j  sun.reflect.DelegatingMethodAccessorImpl.invoke(Ljava/lang/Object;[Ljava/lang/Object;)Ljava/lang/Object;+6
j  java.lang.reflect.Method.invoke(Ljava/lang/Object;[Ljava/lang/Object;)Ljava/lang/Object;+56
j  org.eclipse.e4.core.internal.di.MethodRequestor.execute()Ljava/lang/Object;+84
J 1284 C1 org.eclipse.e4.core.internal.di.InjectorImpl.processAnnotated(Ljava/lang/Class;Ljava/lang/Object;Ljava/lang/Class;Lorg/eclipse/e4/core/di/suppliers/PrimaryObjectSupplier;Lorg/eclipse/e4/core/di/suppliers/PrimaryObjectSupplier;Ljava/util/ArrayList;)V (192 bytes) @ 0x02605870 [0x02605400+0x470]
J 1284 C1 org.eclipse.e4.core.internal.di.InjectorImpl.processAnnotated(Ljava/lang/Class;Ljava/lang/Object;Ljava/lang/Class;Lorg/eclipse/e4/core/di/suppliers/PrimaryObjectSupplier;Lorg/eclipse/e4/core/di/suppliers/PrimaryObjectSupplier;Ljava/util/ArrayList;)V (192 bytes) @ 0x02605588 [0x02605400+0x188]
j  org.eclipse.e4.core.internal.di.InjectorImpl.inject(Ljava/lang/Object;Lorg/eclipse/e4/core/di/suppliers/PrimaryObjectSupplier;Lorg/eclipse/e4/core/di/suppliers/PrimaryObjectSupplier;)V+174
j  org.eclipse.e4.core.internal.di.InjectorImpl.internalMake(Ljava/lang/Class;Lorg/eclipse/e4/core/di/suppliers/PrimaryObjectSupplier;Lorg/eclipse/e4/core/di/suppliers/PrimaryObjectSupplier;)Ljava/lang/Object;+345
j  org.eclipse.e4.core.internal.di.InjectorImpl.make(Ljava/lang/Class;Lorg/eclipse/e4/core/di/suppliers/PrimaryObjectSupplier;)Ljava/lang/Object;+11
j  org.eclipse.e4.core.contexts.ContextInjectionFactory.make(Ljava/lang/Class;Lorg/eclipse/e4/core/contexts/IEclipseContext;)Ljava/lang/Object;+13
j  org.eclipse.e4.ui.internal.workbench.ReflectionContributionFactory.createFromBundle(Lorg/osgi/framework/Bundle;Lorg/eclipse/e4/core/contexts/IEclipseContext;Lorg/eclipse/e4/core/contexts/IEclipseContext;Lorg/eclipse/emf/common/util/URI;)Ljava/lang/Object;+169
j  org.eclipse.e4.ui.internal.workbench.ReflectionContributionFactory.doCreate(Ljava/lang/String;Lorg/eclipse/e4/core/contexts/IEclipseContext;Lorg/eclipse/e4/core/contexts/IEclipseContext;)Ljava/lang/Object;+90
j  org.eclipse.e4.ui.internal.workbench.ReflectionContributionFactory.create(Ljava/lang/String;Lorg/eclipse/e4/core/contexts/IEclipseContext;)Ljava/lang/Object;+4
j  org.eclipse.e4.ui.workbench.renderers.swt.ContributedPartRenderer.createWidget(Lorg/eclipse/e4/ui/model/application/ui/MUIElement;Ljava/lang/Object;)Ljava/lang/Object;+124
j  org.eclipse.e4.ui.internal.workbench.swt.PartRenderingEngine.createWidget(Lorg/eclipse/e4/ui/model/application/ui/MUIElement;Ljava/lang/Object;)Ljava/lang/Object;+21
j  org.eclipse.e4.ui.internal.workbench.swt.PartRenderingEngine.safeCreateGui(Lorg/eclipse/e4/ui/model/application/ui/MUIElement;Ljava/lang/Object;Lorg/eclipse/e4/core/contexts/IEclipseContext;)Ljava/lang/Object;+531
j  org.eclipse.e4.ui.internal.workbench.swt.PartRenderingEngine$6.run()V+21
j  org.eclipse.core.runtime.SafeRunner.run(Lorg/eclipse/core/runtime/ISafeRunnable;)V+5
j  org.eclipse.e4.ui.internal.workbench.swt.PartRenderingEngine.createGui(Lorg/eclipse/e4/ui/model/application/ui/MUIElement;Ljava/lang/Object;Lorg/eclipse/e4/core/contexts/IEclipseContext;)Ljava/lang/Object;+19
j  org.eclipse.e4.ui.workbench.renderers.swt.ElementReferenceRenderer.createWidget(Lorg/eclipse/e4/ui/model/application/ui/MUIElement;Ljava/lang/Object;)Ljava/lang/Object;+150
j  org.eclipse.e4.ui.internal.workbench.swt.PartRenderingEngine.createWidget(Lorg/eclipse/e4/ui/model/application/ui/MUIElement;Ljava/lang/Object;)Ljava/lang/Object;+21
j  org.eclipse.e4.ui.internal.workbench.swt.PartRenderingEngine.safeCreateGui(Lorg/eclipse/e4/ui/model/application/ui/MUIElement;Ljava/lang/Object;Lorg/eclipse/e4/core/contexts/IEclipseContext;)Ljava/lang/Object;+531
j  org.eclipse.e4.ui.internal.workbench.swt.PartRenderingEngine.safeCreateGui(Lorg/eclipse/e4/ui/model/application/ui/MUIElement;)Ljava/lang/Object;+168
j  org.eclipse.e4.ui.internal.workbench.swt.PartRenderingEngine.access$2(Lorg/eclipse/e4/ui/internal/workbench/swt/PartRenderingEngine;Lorg/eclipse/e4/ui/model/application/ui/MUIElement;)Ljava/lang/Object;+2
j  org.eclipse.e4.ui.internal.workbench.swt.PartRenderingEngine$7.run()V+13
j  org.eclipse.core.runtime.SafeRunner.run(Lorg/eclipse/core/runtime/ISafeRunnable;)V+5
j  org.eclipse.e4.ui.internal.workbench.swt.PartRenderingEngine.createGui(Lorg/eclipse/e4/ui/model/application/ui/MUIElement;)Ljava/lang/Object;+15
j  org.eclipse.e4.ui.workbench.renderers.swt.StackRenderer.showTab(Lorg/eclipse/e4/ui/model/application/ui/MUIElement;)V+113
j  org.eclipse.e4.ui.workbench.renderers.swt.LazyStackRenderer.postProcess(Lorg/eclipse/e4/ui/model/application/ui/MUIElement;)V+26
j  org.eclipse.e4.ui.internal.workbench.swt.PartRenderingEngine.safeCreateGui(Lorg/eclipse/e4/ui/model/application/ui/MUIElement;Ljava/lang/Object;Lorg/eclipse/e4/core/contexts/IEclipseContext;)Ljava/lang/Object;+573
j  org.eclipse.e4.ui.internal.workbench.swt.PartRenderingEngine.safeCreateGui(Lorg/eclipse/e4/ui/model/application/ui/MUIElement;)Ljava/lang/Object;+168
j  org.eclipse.e4.ui.internal.workbench.swt.PartRenderingEngine.access$2(Lorg/eclipse/e4/ui/internal/workbench/swt/PartRenderingEngine;Lorg/eclipse/e4/ui/model/application/ui/MUIElement;)Ljava/lang/Object;+2
j  org.eclipse.e4.ui.internal.workbench.swt.PartRenderingEngine$7.run()V+13
j  org.eclipse.core.runtime.SafeRunner.run(Lorg/eclipse/core/runtime/ISafeRunnable;)V+5
j  org.eclipse.e4.ui.internal.workbench.swt.PartRenderingEngine.createGui(Lorg/eclipse/e4/ui/model/application/ui/MUIElement;)Ljava/lang/Object;+15
j  org.eclipse.e4.ui.workbench.renderers.swt.SWTPartRenderer.processContents(Lorg/eclipse/e4/ui/model/application/ui/MElementContainer;)V+70
j  org.eclipse.e4.ui.internal.workbench.swt.PartRenderingEngine.safeCreateGui(Lorg/eclipse/e4/ui/model/application/ui/MUIElement;Ljava/lang/Object;Lorg/eclipse/e4/core/contexts/IEclipseContext;)Ljava/lang/Object;+567
j  org.eclipse.e4.ui.internal.workbench.swt.PartRenderingEngine.safeCreateGui(Lorg/eclipse/e4/ui/model/application/ui/MUIElement;)Ljava/lang/Object;+168
j  org.eclipse.e4.ui.internal.workbench.swt.PartRenderingEngine.access$2(Lorg/eclipse/e4/ui/internal/workbench/swt/PartRenderingEngine;Lorg/eclipse/e4/ui/model/application/ui/MUIElement;)Ljava/lang/Object;+2
j  org.eclipse.e4.ui.internal.workbench.swt.PartRenderingEngine$7.run()V+13
j  org.eclipse.core.runtime.SafeRunner.run(Lorg/eclipse/core/runtime/ISafeRunnable;)V+5
j  org.eclipse.e4.ui.internal.workbench.swt.PartRenderingEngine.createGui(Lorg/eclipse/e4/ui/model/application/ui/MUIElement;)Ljava/lang/Object;+15
j  org.eclipse.e4.ui.workbench.renderers.swt.SWTPartRenderer.processContents(Lorg/eclipse/e4/ui/model/application/ui/MElementContainer;)V+70
j  org.eclipse.e4.ui.internal.workbench.swt.PartRenderingEngine.safeCreateGui(Lorg/eclipse/e4/ui/model/application/ui/MUIElement;Ljava/lang/Object;Lorg/eclipse/e4/core/contexts/IEclipseContext;)Ljava/lang/Object;+567
j  org.eclipse.e4.ui.internal.workbench.swt.PartRenderingEngine.safeCreateGui(Lorg/eclipse/e4/ui/model/application/ui/MUIElement;)Ljava/lang/Object;+168
j  org.eclipse.e4.ui.internal.workbench.swt.PartRenderingEngine.access$2(Lorg/eclipse/e4/ui/internal/workbench/swt/PartRenderingEngine;Lorg/eclipse/e4/ui/model/application/ui/MUIElement;)Ljava/lang/Object;+2
j  org.eclipse.e4.ui.internal.workbench.swt.PartRenderingEngine$7.run()V+13
j  org.eclipse.core.runtime.SafeRunner.run(Lorg/eclipse/core/runtime/ISafeRunnable;)V+5
j  org.eclipse.e4.ui.internal.workbench.swt.PartRenderingEngine.createGui(Lorg/eclipse/e4/ui/model/application/ui/MUIElement;)Ljava/lang/Object;+15
j  org.eclipse.e4.ui.workbench.renderers.swt.SWTPartRenderer.processContents(Lorg/eclipse/e4/ui/model/application/ui/MElementContainer;)V+70
j  org.eclipse.e4.ui.workbench.renderers.swt.PerspectiveRenderer.processContents(Lorg/eclipse/e4/ui/model/application/ui/MElementContainer;)V+2
j  org.eclipse.e4.ui.internal.workbench.swt.PartRenderingEngine.safeCreateGui(Lorg/eclipse/e4/ui/model/application/ui/MUIElement;Ljava/lang/Object;Lorg/eclipse/e4/core/contexts/IEclipseContext;)Ljava/lang/Object;+567
j  org.eclipse.e4.ui.internal.workbench.swt.PartRenderingEngine.safeCreateGui(Lorg/eclipse/e4/ui/model/application/ui/MUIElement;)Ljava/lang/Object;+168
j  org.eclipse.e4.ui.internal.workbench.swt.PartRenderingEngine.access$2(Lorg/eclipse/e4/ui/internal/workbench/swt/PartRenderingEngine;Lorg/eclipse/e4/ui/model/application/ui/MUIElement;)Ljava/lang/Object;+2
j  org.eclipse.e4.ui.internal.workbench.swt.PartRenderingEngine$7.run()V+13
j  org.eclipse.core.runtime.SafeRunner.run(Lorg/eclipse/core/runtime/ISafeRunnable;)V+5
j  org.eclipse.e4.ui.internal.workbench.swt.PartRenderingEngine.createGui(Lorg/eclipse/e4/ui/model/application/ui/MUIElement;)Ljava/lang/Object;+15
j  org.eclipse.e4.ui.workbench.renderers.swt.PerspectiveStackRenderer.showTab(Lorg/eclipse/e4/ui/model/application/ui/MUIElement;)V+24
j  org.eclipse.e4.ui.workbench.renderers.swt.LazyStackRenderer.postProcess(Lorg/eclipse/e4/ui/model/application/ui/MUIElement;)V+26
j  org.eclipse.e4.ui.workbench.renderers.swt.PerspectiveStackRenderer.postProcess(Lorg/eclipse/e4/ui/model/application/ui/MUIElement;)V+2
j  org.eclipse.e4.ui.internal.workbench.swt.PartRenderingEngine.safeCreateGui(Lorg/eclipse/e4/ui/model/application/ui/MUIElement;Ljava/lang/Object;Lorg/eclipse/e4/core/contexts/IEclipseContext;)Ljava/lang/Object;+573
j  org.eclipse.e4.ui.internal.workbench.swt.PartRenderingEngine.safeCreateGui(Lorg/eclipse/e4/ui/model/application/ui/MUIElement;)Ljava/lang/Object;+168
j  org.eclipse.e4.ui.internal.workbench.swt.PartRenderingEngine.access$2(Lorg/eclipse/e4/ui/internal/workbench/swt/PartRenderingEngine;Lorg/eclipse/e4/ui/model/application/ui/MUIElement;)Ljava/lang/Object;+2
j  org.eclipse.e4.ui.internal.workbench.swt.PartRenderingEngine$7.run()V+13
j  org.eclipse.core.runtime.SafeRunner.run(Lorg/eclipse/core/runtime/ISafeRunnable;)V+5
j  org.eclipse.e4.ui.internal.workbench.swt.PartRenderingEngine.createGui(Lorg/eclipse/e4/ui/model/application/ui/MUIElement;)Ljava/lang/Object;+15
j  org.eclipse.e4.ui.workbench.renderers.swt.SWTPartRenderer.processContents(Lorg/eclipse/e4/ui/model/application/ui/MElementContainer;)V+70
j  org.eclipse.e4.ui.internal.workbench.swt.PartRenderingEngine.safeCreateGui(Lorg/eclipse/e4/ui/model/application/ui/MUIElement;Ljava/lang/Object;Lorg/eclipse/e4/core/contexts/IEclipseContext;)Ljava/lang/Object;+567
j  org.eclipse.e4.ui.internal.workbench.swt.PartRenderingEngine.safeCreateGui(Lorg/eclipse/e4/ui/model/application/ui/MUIElement;)Ljava/lang/Object;+168
j  org.eclipse.e4.ui.internal.workbench.swt.PartRenderingEngine.access$2(Lorg/eclipse/e4/ui/internal/workbench/swt/PartRenderingEngine;Lorg/eclipse/e4/ui/model/application/ui/MUIElement;)Ljava/lang/Object;+2
j  org.eclipse.e4.ui.internal.workbench.swt.PartRenderingEngine$7.run()V+13
j  org.eclipse.core.runtime.SafeRunner.run(Lorg/eclipse/core/runtime/ISafeRunnable;)V+5
j  org.eclipse.e4.ui.internal.workbench.swt.PartRenderingEngine.createGui(Lorg/eclipse/e4/ui/model/application/ui/MUIElement;)Ljava/lang/Object;+15
j  org.eclipse.e4.ui.workbench.renderers.swt.SWTPartRenderer.processContents(Lorg/eclipse/e4/ui/model/application/ui/MElementContainer;)V+70
j  org.eclipse.e4.ui.workbench.renderers.swt.WBWRenderer.processContents(Lorg/eclipse/e4/ui/model/application/ui/MElementContainer;)V+15
j  org.eclipse.e4.ui.internal.workbench.swt.PartRenderingEngine.safeCreateGui(Lorg/eclipse/e4/ui/model/application/ui/MUIElement;Ljava/lang/Object;Lorg/eclipse/e4/core/contexts/IEclipseContext;)Ljava/lang/Object;+567
j  org.eclipse.e4.ui.internal.workbench.swt.PartRenderingEngine.safeCreateGui(Lorg/eclipse/e4/ui/model/application/ui/MUIElement;)Ljava/lang/Object;+168
j  org.eclipse.e4.ui.internal.workbench.swt.PartRenderingEngine.access$2(Lorg/eclipse/e4/ui/internal/workbench/swt/PartRenderingEngine;Lorg/eclipse/e4/ui/model/application/ui/MUIElement;)Ljava/lang/Object;+2
j  org.eclipse.e4.ui.internal.workbench.swt.PartRenderingEngine$7.run()V+13
j  org.eclipse.core.runtime.SafeRunner.run(Lorg/eclipse/core/runtime/ISafeRunnable;)V+5
j  org.eclipse.e4.ui.internal.workbench.swt.PartRenderingEngine.createGui(Lorg/eclipse/e4/ui/model/application/ui/MUIElement;)Ljava/lang/Object;+15
j  org.eclipse.e4.ui.internal.workbench.swt.PartRenderingEngine$9.run()V+289
j  org.eclipse.core.databinding.observable.Realm.runWithDefault(Lorg/eclipse/core/databinding/observable/Realm;Ljava/lang/Runnable;)V+12
j  org.eclipse.e4.ui.internal.workbench.swt.PartRenderingEngine.run(Lorg/eclipse/e4/ui/model/application/MApplicationElement;Lorg/eclipse/e4/core/contexts/IEclipseContext;)Ljava/lang/Object;+57
j  org.eclipse.e4.ui.internal.workbench.E4Workbench.createAndRunUI(Lorg/eclipse/e4/ui/model/application/MApplicationElement;)V+20
j  org.eclipse.ui.internal.Workbench$5.run()V+245
j  org.eclipse.core.databinding.observable.Realm.runWithDefault(Lorg/eclipse/core/databinding/observable/Realm;Ljava/lang/Runnable;)V+12
j  org.eclipse.ui.internal.Workbench.createAndRunWorkbench(Lorg/eclipse/swt/widgets/Display;Lorg/eclipse/ui/application/WorkbenchAdvisor;)I+18
j  org.eclipse.ui.PlatformUI.createAndRunWorkbench(Lorg/eclipse/swt/widgets/Display;Lorg/eclipse/ui/application/WorkbenchAdvisor;)I+2
j  com.soyatec.hisilicon.platform.rcp.Application.start(Lorg/eclipse/equinox/app/IApplicationContext;)Ljava/lang/Object;+12
j  org.eclipse.equinox.internal.app.EclipseAppHandle.run(Ljava/lang/Object;)Ljava/lang/Object;+135
j  org.eclipse.core.runtime.internal.adaptor.EclipseAppLauncher.runApplication(Ljava/lang/Object;)Ljava/lang/Object;+103
j  org.eclipse.core.runtime.internal.adaptor.EclipseAppLauncher.start(Ljava/lang/Object;)Ljava/lang/Object;+29
j  org.eclipse.core.runtime.adaptor.EclipseStarter.run(Ljava/lang/Object;)Ljava/lang/Object;+119
j  org.eclipse.core.runtime.adaptor.EclipseStarter.run([Ljava/lang/String;Ljava/lang/Runnable;)Ljava/lang/Object;+183
v  ~StubRoutines::call_stub
j  sun.reflect.NativeMethodAccessorImpl.invoke0(Ljava/lang/reflect/Method;Ljava/lang/Object;[Ljava/lang/Object;)Ljava/lang/Object;+0
j  sun.reflect.NativeMethodAccessorImpl.invoke(Ljava/lang/Object;[Ljava/lang/Object;)Ljava/lang/Object;+100
j  sun.reflect.DelegatingMethodAccessorImpl.invoke(Ljava/lang/Object;[Ljava/lang/Object;)Ljava/lang/Object;+6
j  java.lang.reflect.Method.invoke(Ljava/lang/Object;[Ljava/lang/Object;)Ljava/lang/Object;+56
j  org.eclipse.equinox.launcher.Main.invokeFramework([Ljava/lang/String;[Ljava/net/URL;)V+211
j  org.eclipse.equinox.launcher.Main.basicRun([Ljava/lang/String;)V+126
j  org.eclipse.equinox.launcher.Main.run([Ljava/lang/String;)I+4
v  ~StubRoutines::call_stub

---------------  P R O C E S S  ---------------

Java Threads: ( => current thread )
  0x13c67c00 JavaThread "Worker-1" [_thread_blocked, id=6208, stack(0x15400000,0x15500000)]
  0x13acac00 JavaThread "Worker-0" [_thread_blocked, id=7272, stack(0x14f00000,0x15000000)]
  0x13715400 JavaThread "EMF Reference Cleaner" daemon [_thread_blocked, id=7352, stack(0x14bc0000,0x14cc0000)]
  0x13707800 JavaThread "Worker-JM" [_thread_blocked, id=6108, stack(0x13f00000,0x14000000)]
  0x0e09b000 JavaThread "[Timer] - Main Queue Handler" daemon [_thread_blocked, id=6640, stack(0x12510000,0x12610000)]
  0x0e034800 JavaThread "Framework Event Dispatcher" daemon [_thread_blocked, id=4528, stack(0x0f3b0000,0x0f4b0000)]
  0x0e017800 JavaThread "Start Level Event Dispatcher" daemon [_thread_blocked, id=7712, stack(0x10e50000,0x10f50000)]
  0x0e027400 JavaThread "State Data Manager" daemon [_thread_blocked, id=6908, stack(0x13500000,0x13600000)]
  0x0dfb5000 JavaThread "Framework Active Thread" [_thread_blocked, id=7508, stack(0x13400000,0x13500000)]
  0x0d4d7800 JavaThread "Service Thread" daemon [_thread_blocked, id=5540, stack(0x0db90000,0x0dc90000)]
  0x0d4d1c00 JavaThread "C1 CompilerThread0" daemon [_thread_blocked, id=1040, stack(0x0da50000,0x0db50000)]
  0x0d4cec00 JavaThread "Attach Listener" daemon [_thread_blocked, id=5308, stack(0x0d910000,0x0da10000)]
  0x0d4b7c00 JavaThread "Signal Dispatcher" daemon [_thread_blocked, id=5240, stack(0x0d7d0000,0x0d8d0000)]
  0x0d4a6800 JavaThread "Finalizer" daemon [_thread_blocked, id=4624, stack(0x0d640000,0x0d740000)]
  0x0d4a2000 JavaThread "Reference Handler" daemon [_thread_blocked, id=440, stack(0x0d540000,0x0d640000)]
=>0x004ae400 JavaThread "main" [_thread_in_native, id=1972, stack(0x00090000,0x00190000)]

Other Threads:
  0x0d47c000 VMThread [stack: 0x0d1a0000,0x0d2a0000] [id=2196]
  0x0d4db400 WatcherThread [stack: 0x0dcd0000,0x0ddd0000] [id=5500]

VM state:not at safepoint (normal execution)

VM Mutex/Monitor currently owned by a thread: None

Heap:
 PSYoungGen      total 13056K, used 2218K [0x0b600000, 0x0c400000, 0x0c400000)
  eden space 11776K, 7% used [0x0b600000,0x0b6eb310,0x0c180000)
  from space 1280K, 99% used [0x0c180000,0x0c2bf788,0x0c2c0000)
  to   space 1280K, 0% used [0x0c2c0000,0x0c2c0000,0x0c400000)
 ParOldGen       total 36608K, used 26595K [0x04400000, 0x067c0000, 0x0b600000)
  object space 36608K, 72% used [0x04400000,0x05df8de0,0x067c0000)
 Metaspace       used 21651K, capacity 22842K, committed 22912K, reserved 22912K

Card table byte_map: [0x00390000,0x003e0000] byte_map_base: 0x0036e000

Marking Bits: (ParMarkBitMap*) 0x5f026130
 Begin Bits: [0x0c880000, 0x0ca80000)
 End Bits:   [0x0ca80000, 0x0cc80000)

Polling page: 0x002d0000

CodeCache: size=32768Kb used=3393Kb max_used=3393Kb free=29374Kb
 bounds [0x02350000, 0x026a8000, 0x04350000]
 total_blobs=1879 nmethods=1647 adapters=162
 compilation: enabled

Compilation events (10 events):
Event: 3.839 Thread 0x0d4d1c00 1679             org.eclipse.core.internal.preferences.ImmutableMap$ArrayMap::<init> (50 bytes)
Event: 3.839 Thread 0x0d4d1c00 nmethod 1679 0x0269ed88 code [0x0269eea0, 0x0269f0a0]
Event: 4.116 Thread 0x0d4d1c00 1680             java.lang.String::regionMatches (91 bytes)
Event: 4.116 Thread 0x0d4d1c00 nmethod 1680 0x0269f148 code [0x0269f250, 0x0269f3f0]
Event: 8.403 Thread 0x0d4d1c00 1681             java.lang.String::toLowerCase (8 bytes)
Event: 8.404 Thread 0x0d4d1c00 nmethod 1681 0x0269f548 code [0x0269f650, 0x0269f6ec]
Event: 8.404 Thread 0x0d4d1c00 1682             java.lang.String::<init> (21 bytes)
Event: 8.404 Thread 0x0d4d1c00 nmethod 1682 0x0269f748 code [0x0269f840, 0x0269f8e0]
Event: 8.404 Thread 0x0d4d1c00 1683             gnu.io.RXTXCommDriver::registerValidPorts (242 bytes)
Event: 8.406 Thread 0x0d4d1c00 nmethod 1683 0x0269f948 code [0x0269fb60, 0x026a048c]

GC Heap History (10 events):
Event: 3.357 GC heap before
{Heap before GC invocations=21 (full 2):
 PSYoungGen      total 13056K, used 12648K [0x0b600000, 0x0c400000, 0x0c400000)
  eden space 11776K, 100% used [0x0b600000,0x0c180000,0x0c180000)
  from space 1280K, 68% used [0x0c2c0000,0x0c39a010,0x0c400000)
  to   space 1280K, 0% used [0x0c180000,0x0c180000,0x0c2c0000)
 ParOldGen       total 36608K, used 21252K [0x04400000, 0x067c0000, 0x0b600000)
  object space 36608K, 58% used [0x04400000,0x058c1288,0x067c0000)
 Metaspace       used 20399K, capacity 21474K, committed 21632K, reserved 21888K
Event: 3.360 GC heap after
Heap after GC invocations=21 (full 2):
 PSYoungGen      total 13056K, used 884K [0x0b600000, 0x0c400000, 0x0c400000)
  eden space 11776K, 0% used [0x0b600000,0x0b600000,0x0c180000)
  from space 1280K, 69% used [0x0c180000,0x0c25d340,0x0c2c0000)
  to   space 1280K, 0% used [0x0c2c0000,0x0c2c0000,0x0c400000)
 ParOldGen       total 36608K, used 22066K [0x04400000, 0x067c0000, 0x0b600000)
  object space 36608K, 60% used [0x04400000,0x0598ca98,0x067c0000)
 Metaspace       used 20399K, capacity 21474K, committed 21632K, reserved 21888K
}
Event: 3.443 GC heap before
{Heap before GC invocations=22 (full 2):
 PSYoungGen      total 13056K, used 12660K [0x0b600000, 0x0c400000, 0x0c400000)
  eden space 11776K, 100% used [0x0b600000,0x0c180000,0x0c180000)
  from space 1280K, 69% used [0x0c180000,0x0c25d340,0x0c2c0000)
  to   space 1280K, 0% used [0x0c2c0000,0x0c2c0000,0x0c400000)
 ParOldGen       total 36608K, used 22066K [0x04400000, 0x067c0000, 0x0b600000)
  object space 36608K, 60% used [0x04400000,0x0598ca98,0x067c0000)
 Metaspace       used 20399K, capacity 21474K, committed 21632K, reserved 21888K
Event: 3.446 GC heap after
Heap after GC invocations=22 (full 2):
 PSYoungGen      total 13056K, used 872K [0x0b600000, 0x0c400000, 0x0c400000)
  eden space 11776K, 0% used [0x0b600000,0x0b600000,0x0c180000)
  from space 1280K, 68% used [0x0c2c0000,0x0c39a010,0x0c400000)
  to   space 1280K, 0% used [0x0c180000,0x0c180000,0x0c2c0000)
 ParOldGen       total 36608K, used 22878K [0x04400000, 0x067c0000, 0x0b600000)
  object space 36608K, 62% used [0x04400000,0x05a57a98,0x067c0000)
 Metaspace       used 20399K, capacity 21474K, committed 21632K, reserved 21888K
}
Event: 3.522 GC heap before
{Heap before GC invocations=23 (full 2):
 PSYoungGen      total 13056K, used 12648K [0x0b600000, 0x0c400000, 0x0c400000)
  eden space 11776K, 100% used [0x0b600000,0x0c180000,0x0c180000)
  from space 1280K, 68% used [0x0c2c0000,0x0c39a010,0x0c400000)
  to   space 1280K, 0% used [0x0c180000,0x0c180000,0x0c2c0000)
 ParOldGen       total 36608K, used 22878K [0x04400000, 0x067c0000, 0x0b600000)
  object space 36608K, 62% used [0x04400000,0x05a57a98,0x067c0000)
 Metaspace       used 20399K, capacity 21474K, committed 21632K, reserved 21888K
Event: 3.525 GC heap after
Heap after GC invocations=23 (full 2):
 PSYoungGen      total 13056K, used 908K [0x0b600000, 0x0c400000, 0x0c400000)
  eden space 11776K, 0% used [0x0b600000,0x0b600000,0x0c180000)
  from space 1280K, 70% used [0x0c180000,0x0c263330,0x0c2c0000)
  to   space 1280K, 0% used [0x0c2c0000,0x0c2c0000,0x0c400000)
 ParOldGen       total 36608K, used 23682K [0x04400000, 0x067c0000, 0x0b600000)
  object space 36608K, 64% used [0x04400000,0x05b20a98,0x067c0000)
 Metaspace       used 20399K, capacity 21474K, committed 21632K, reserved 21888K
}
Event: 3.618 GC heap before
{Heap before GC invocations=24 (full 2):
 PSYoungGen      total 13056K, used 12684K [0x0b600000, 0x0c400000, 0x0c400000)
  eden space 11776K, 100% used [0x0b600000,0x0c180000,0x0c180000)
  from space 1280K, 70% used [0x0c180000,0x0c263330,0x0c2c0000)
  to   space 1280K, 0% used [0x0c2c0000,0x0c2c0000,0x0c400000)
 ParOldGen       total 36608K, used 23682K [0x04400000, 0x067c0000, 0x0b600000)
  object space 36608K, 64% used [0x04400000,0x05b20a98,0x067c0000)
 Metaspace       used 20750K, capacity 21807K, committed 21888K, reserved 21888K
Event: 3.621 GC heap after
Heap after GC invocations=24 (full 2):
 PSYoungGen      total 13056K, used 1271K [0x0b600000, 0x0c400000, 0x0c400000)
  eden space 11776K, 0% used [0x0b600000,0x0b600000,0x0c180000)
  from space 1280K, 99% used [0x0c2c0000,0x0c3fdfa0,0x0c400000)
  to   space 1280K, 0% used [0x0c180000,0x0c180000,0x0c2c0000)
 ParOldGen       total 36608K, used 24813K [0x04400000, 0x067c0000, 0x0b600000)
  object space 36608K, 67% used [0x04400000,0x05c3b420,0x067c0000)
 Metaspace       used 20750K, capacity 21807K, committed 21888K, reserved 21888K
}
Event: 3.835 GC heap before
{Heap before GC invocations=25 (full 2):
 PSYoungGen      total 13056K, used 13047K [0x0b600000, 0x0c400000, 0x0c400000)
  eden space 11776K, 100% used [0x0b600000,0x0c180000,0x0c180000)
  from space 1280K, 99% used [0x0c2c0000,0x0c3fdfa0,0x0c400000)
  to   space 1280K, 0% used [0x0c180000,0x0c180000,0x0c2c0000)
 ParOldGen       total 36608K, used 24813K [0x04400000, 0x067c0000, 0x0b600000)
  object space 36608K, 67% used [0x04400000,0x05c3b420,0x067c0000)
 Metaspace       used 21518K, capacity 22676K, committed 22784K, reserved 22912K
Event: 3.838 GC heap after
Heap after GC invocations=25 (full 2):
 PSYoungGen      total 13056K, used 1277K [0x0b600000, 0x0c400000, 0x0c400000)
  eden space 11776K, 0% used [0x0b600000,0x0b600000,0x0c180000)
  from space 1280K, 99% used [0x0c180000,0x0c2bf788,0x0c2c0000)
  to   space 1280K, 0% used [0x0c2c0000,0x0c2c0000,0x0c400000)
 ParOldGen       total 36608K, used 26595K [0x04400000, 0x067c0000, 0x0b600000)
  object space 36608K, 72% used [0x04400000,0x05df8de0,0x067c0000)
 Metaspace       used 21518K, capacity 22676K, committed 22784K, reserved 22912K
}

Deoptimization events (0 events):
No events

Classes redefined (0 events):
No events

Internal exceptions (10 events):
Event: 3.844 Thread 0x004ae400 Exception <a 'java/io/IOException'> (0x0b63a4e8) thrown at [C:\workspace\8-2-build-windows-i586-cygwin\jdk8u181\11358\hotspot\src\share\vm\prims\jni.cpp, line 709]
Event: 3.844 Thread 0x004ae400 Exception <a 'java/io/IOException'> (0x0b63ae68) thrown at [C:\workspace\8-2-build-windows-i586-cygwin\jdk8u181\11358\hotspot\src\share\vm\prims\jni.cpp, line 709]
Event: 3.844 Thread 0x004ae400 Exception <a 'java/io/IOException'> (0x0b63b878) thrown at [C:\workspace\8-2-build-windows-i586-cygwin\jdk8u181\11358\hotspot\src\share\vm\prims\jni.cpp, line 709]
Event: 3.844 Thread 0x004ae400 Exception <a 'java/io/IOException'> (0x0b63c258) thrown at [C:\workspace\8-2-build-windows-i586-cygwin\jdk8u181\11358\hotspot\src\share\vm\prims\jni.cpp, line 709]
Event: 3.844 Thread 0x004ae400 Exception <a 'java/io/FileNotFoundException'> (0x0b63d6d8) thrown at [C:\workspace\8-2-build-windows-i586-cygwin\jdk8u181\11358\hotspot\src\share\vm\prims\jni.cpp, line 709]
Event: 4.116 Thread 0x004ae400 Exception <a 'java/io/FileNotFoundException'> (0x0b6522e8) thrown at [C:\workspace\8-2-build-windows-i586-cygwin\jdk8u181\11358\hotspot\src\share\vm\prims\jni.cpp, line 709]
Event: 4.120 Thread 0x004ae400 Exception <a 'java/io/FileNotFoundException'> (0x0b660aa8) thrown at [C:\workspace\8-2-build-windows-i586-cygwin\jdk8u181\11358\hotspot\src\share\vm\prims\jni.cpp, line 709]
Event: 8.404 Thread 0x004ae400 Exception <a 'java/io/FileNotFoundException'> (0x0b674ff8) thrown at [C:\workspace\8-2-build-windows-i586-cygwin\jdk8u181\11358\hotspot\src\share\vm\prims\jni.cpp, line 709]
Event: 8.483 Thread 0x004ae400 Exception <a 'com/ice/jni/registry/NoSuchValueException': RegQueryValueEx(), value='EnableDHCP'> (0x0b6aafc0) thrown at [C:\workspace\8-2-build-windows-i586-cygwin\jdk8u181\11358\hotspot\src\share\vm\prims\jni.cpp, line 735]
Event: 8.484 Thread 0x004ae400 Exception <a 'com/ice/jni/registry/NoSuchValueException': RegQueryValueEx(), value='IPAddress'> (0x0b6aba80) thrown at [C:\workspace\8-2-build-windows-i586-cygwin\jdk8u181\11358\hotspot\src\share\vm\prims\jni.cpp, line 735]

Events (10 events):
Event: 8.486 loading class java/lang/ProcessEnvironment$NameComparator
Event: 8.486 loading class java/lang/ProcessEnvironment$NameComparator done
Event: 8.486 loading class java/lang/ProcessEnvironment$EntryComparator
Event: 8.486 loading class java/lang/ProcessEnvironment$EntryComparator done
Event: 8.486 loading class java/lang/ProcessEnvironment$CheckedEntrySet
Event: 8.486 loading class java/lang/ProcessEnvironment$CheckedEntrySet done
Event: 8.486 loading class java/lang/ProcessEnvironment$CheckedEntrySet$1
Event: 8.486 loading class java/lang/ProcessEnvironment$CheckedEntrySet$1 done
Event: 8.486 loading class java/lang/ProcessEnvironment$CheckedEntry
Event: 8.487 loading class java/lang/ProcessEnvironment$CheckedEntry done


Dynamic libraries:
0x00400000 - 0x00412000 	E:\HiTool-STB-5.0.45\HiTool\HiTool.exe
0x77960000 - 0x77ae0000 	C:\Windows\SysWOW64\ntdll.dll
0x75520000 - 0x75630000 	C:\Windows\syswow64\kernel32.dll
0x76090000 - 0x760d6000 	C:\Windows\syswow64\KERNELBASE.dll
0x75630000 - 0x75730000 	C:\Windows\syswow64\USER32.dll
0x75cd0000 - 0x75d60000 	C:\Windows\syswow64\GDI32.dll
0x75770000 - 0x7577a000 	C:\Windows\syswow64\LPK.dll
0x77470000 - 0x7750d000 	C:\Windows\syswow64\USP10.dll
0x75810000 - 0x758bc000 	C:\Windows\syswow64\msvcrt.dll
0x75e60000 - 0x75f00000 	C:\Windows\syswow64\ADVAPI32.dll
0x77100000 - 0x77119000 	C:\Windows\SysWOW64\sechost.dll
0x75d60000 - 0x75e50000 	C:\Windows\syswow64\RPCRT4.dll
0x754c0000 - 0x75520000 	C:\Windows\syswow64\SspiCli.dll
0x754b0000 - 0x754bc000 	C:\Windows\syswow64\CRYPTBASE.dll
0x734d0000 - 0x7366e000 	C:\Windows\WinSxS\x86_microsoft.windows.common-controls_6595b64144ccf1df_6.0.7601.17514_none_41e6975e2bd6f2b2\COMCTL32.dll
0x77410000 - 0x77467000 	C:\Windows\syswow64\SHLWAPI.dll
0x75780000 - 0x757e0000 	C:\Windows\system32\IMM32.DLL
0x77120000 - 0x771ec000 	C:\Windows\syswow64\MSCTF.dll
0x72000000 - 0x7200d000 	E:\HiTool-STB-5.0.45\HiTool\plugins\org.eclipse.equinox.launcher.win32.win32.x86_1.1.200.v20140116-2212\eclipse_1503.dll
0x75360000 - 0x75369000 	C:\Windows\system32\VERSION.dll
0x5ec90000 - 0x5f063000 	E:\HiTool-STB-5.0.45\HiTool\jre\bin\client\jvm.dll
0x73030000 - 0x73037000 	C:\Windows\system32\WSOCK32.dll
0x75730000 - 0x75765000 	C:\Windows\syswow64\WS2_32.dll
0x771f0000 - 0x771f6000 	C:\Windows\syswow64\NSI.dll
0x75370000 - 0x753a2000 	C:\Windows\system32\WINMM.dll
0x77930000 - 0x77935000 	C:\Windows\syswow64\PSAPI.DLL
0x619a0000 - 0x61a5f000 	C:\Windows\system32\MSVCR100.dll
0x6fce0000 - 0x6fcec000 	E:\HiTool-STB-5.0.45\HiTool\jre\bin\verify.dll
0x66930000 - 0x66952000 	E:\HiTool-STB-5.0.45\HiTool\jre\bin\java.dll
0x69280000 - 0x69294000 	E:\HiTool-STB-5.0.45\HiTool\jre\bin\zip.dll
0x760e0000 - 0x76d2a000 	C:\Windows\syswow64\SHELL32.dll
0x75940000 - 0x75a9c000 	C:\Windows\syswow64\ole32.dll
0x753b0000 - 0x753bb000 	C:\Windows\system32\profapi.dll
0x73710000 - 0x73726000 	C:\Windows\system32\CRYPTSP.dll
0x736d0000 - 0x7370b000 	C:\Windows\system32\rsaenh.dll
0x753c0000 - 0x753d7000 	C:\Windows\system32\USERENV.dll
0x6cc90000 - 0x6cca5000 	E:\HiTool-STB-5.0.45\HiTool\jre\bin\net.dll
0x737b0000 - 0x737ec000 	C:\Windows\system32\mswsock.dll
0x70550000 - 0x70556000 	C:\Windows\System32\wship6.dll
0x73820000 - 0x7383c000 	C:\Windows\system32\IPHLPAPI.DLL
0x73810000 - 0x73817000 	C:\Windows\system32\WINNSI.DLL
0x737f0000 - 0x73802000 	C:\Windows\system32\dhcpcsvc.DLL
0x74250000 - 0x7425d000 	C:\Windows\system32\dhcpcsvc6.DLL
0x70720000 - 0x7072f000 	E:\HiTool-STB-5.0.45\HiTool\jre\bin\nio.dll
0x707b0000 - 0x70830000 	C:\Windows\system32\uxtheme.dll
0x740c0000 - 0x7410c000 	C:\Windows\system32\apphelp.dll
0x10000000 - 0x1052a000 	C:\Windows\system32\SOGOUPY.IME
0x72f90000 - 0x72f95000 	C:\Windows\system32\MSIMG32.dll
0x72f50000 - 0x72f8c000 	C:\Windows\system32\OLEACC.dll
0x726c0000 - 0x726e1000 	C:\Windows\system32\ntmarta.dll
0x77510000 - 0x77555000 	C:\Windows\syswow64\WLDAP32.dll
0x68c40000 - 0x68df9000 	D:\Program Files (x86)\SogouInput\Components\PicFace\1.1.0.1766\PicFace.dll
0x758c0000 - 0x7593b000 	C:\Windows\syswow64\COMDLG32.dll
0x76f50000 - 0x76fdf000 	C:\Windows\syswow64\OLEAUT32.dll
0x0fb20000 - 0x0fbff000 	D:\Program Files (x86)\SogouInput\8.6.0.1467\Resource.dll
0x744b0000 - 0x744c3000 	C:\Windows\system32\dwmapi.dll
0x73f30000 - 0x73f40000 	C:\Windows\system32\NLAapi.dll
0x74c50000 - 0x74c60000 	C:\Windows\system32\napinsp.dll
0x74b40000 - 0x74b52000 	C:\Windows\system32\pnrpnsp.dll
0x70500000 - 0x70544000 	C:\Windows\system32\DNSAPI.dll
0x74b30000 - 0x74b38000 	C:\Windows\System32\winrnr.dll
0x74ae0000 - 0x74aed000 	C:\Windows\system32\wshbth.dll
0x737a0000 - 0x737a5000 	C:\Windows\System32\wshtcpip.dll
0x704f0000 - 0x704f6000 	C:\Windows\system32\rasadhlp.dll
0x704b0000 - 0x704e8000 	C:\Windows\System32\fwpuclnt.dll
0x11220000 - 0x11290000 	E:\HiTool-STB-5.0.45\HiTool\configuration\org.eclipse.osgi\bundles\174\1\.cp\swt-win32-4335.dll
0x73fd0000 - 0x74021000 	C:\Windows\system32\WINSPOOL.DRV
0x75f90000 - 0x76085000 	C:\Windows\syswow64\WININET.dll
0x75b60000 - 0x75c96000 	C:\Windows\syswow64\urlmon.dll
0x76fe0000 - 0x770fd000 	C:\Windows\syswow64\CRYPT32.dll
0x77200000 - 0x7720c000 	C:\Windows\syswow64\MSASN1.dll
0x76d30000 - 0x76f2b000 	C:\Windows\syswow64\iertutil.dll
0x72930000 - 0x72a25000 	C:\Windows\system32\propsys.dll
0x75f00000 - 0x75f83000 	C:\Windows\syswow64\CLBCatQ.DLL
0x0f260000 - 0x0f27d000 	E:\HiTool-STB-5.0.45\HiTool\configuration\org.eclipse.osgi\bundles\174\1\.cp\swt-gdip-win32-4335.dll
0x73840000 - 0x739d0000 	C:\Windows\WinSxS\x86_microsoft.windows.gdiplus_6595b64144ccf1df_1.1.7601.17514_none_72d18a4386696c80\gdiplus.dll
0x613f0000 - 0x614eb000 	C:\Windows\system32\WindowsCodecs.dll
0x6f6c0000 - 0x6f6ca000 	E:\HiTool-STB-5.0.45\HiTool\jre\bin\management.dll
0x68e10000 - 0x68e30000 	E:\HiTool-STB-5.0.45\HiTool\jre\bin\sunec.dll
0x13190000 - 0x131a2000 	E:\HiTool-STB-5.0.45\HiTool\configuration\org.eclipse.osgi\bundles\219\1\.cp\rxtxSerial.dll
0x6c240000 - 0x6c267000 	C:\Windows\system32\crtdll.dll
0x16ad0000 - 0x16ae1000 	E:\HiTool-STB-5.0.45\HiTool\configuration\org.eclipse.osgi\bundles\219\1\.cp\ICE_JNIRegistry.dll
0x617c0000 - 0x618ab000 	C:\Windows\system32\dbghelp.dll

VM Arguments:
jvm_args: -Xverify:none -Xms40m -Xmx128m -Xnoclassgc -XX:CMSInitiatingOccupancyFraction=85 -XX:DefaultMaxRAMFraction=1 -XX:+UseParallelGC -XX:NewRatio=8 -XX:SurvivorRatio=8 -XX:TargetSurvivorRatio=90 -XX:MaxTenuringThreshold=15 -XX:+UseBiasedLocking -XX:CompileCommand=quiet -XX:CompileCommand=exclude,org/eclipse/core/internal/dtree/DataTreeNode,forwardDeltaWith -XX:CompileCommand=exclude,java/text/SimpleDateFormat,subParseZoneString -XX:CompileCommand=exclude,org/eclipse/jdt/internal/compiler/lookup/ParameterizedMethodBinding,<init> 
java_command: <unknown>
java_class_path (initial): E:\HiTool-STB-5.0.45\HiTool\\plugins/org.eclipse.equinox.launcher_1.3.0.v20130327-1440.jar
Launcher Type: generic

Environment Variables:
JAVA_HOME=D:\Program Files\Java\jdk-13.0.1
PATH=E:/HiTool-STB-5.0.45/HiTool/jre/bin/client;E:/HiTool-STB-5.0.45/HiTool/jre/bin;E:/HiTool-STB-5.0.45/HiTool/jre/lib/i386;D:\Program Files (x86)\NetSarang\Xftp 6\;D:\Program Files (x86)\NetSarang\Xshell 6\;C:\Windows\System32;D:\Program Files (x86)\Graphviz 2.28\bin;C:\Python27\;C:\Python27\Scripts\;C:\Python36\;C:\Python36\Scripts\;C:\Windows\system32;C:\Windows;C:\Windows\System32\Wbem;C:\Windows\System32\WindowsPowerShell\v1.0\;C:\Program Files\TortoiseSVN\bin;C:\Program Files\Git\cmd;C:\Program Files\PuTTY\;E:\Loren_files\loren_technical_files\RedRatHub\;C:\Program Files (x86)\IDM Computer Solutions\UltraEdit-32;D:\Program Files (x86)\Graphviz 2.28\bin;D:\Program Files\Java\jdk-13.0.1\bin;;E:\ivan_code\CH05101358_B3_DSN7414v_BOOTLOADER_IMAGE_V1.03\tools\ekt_loader_tool;
USERNAME=ivan.zhao
OS=Windows_NT
PROCESSOR_IDENTIFIER=Intel64 Family 6 Model 60 Stepping 3, GenuineIntel



---------------  S Y S T E M  ---------------

OS: Windows 7 , 64 bit Build 7601 (6.1.7601.17514)

CPU:total 4 (initial active 4) (2 cores per cpu, 2 threads per core) family 6 model 60 stepping 3, cmov, cx8, fxsr, mmx, sse, sse2, sse3, ssse3, sse4.1, sse4.2, popcnt, avx, avx2, aes, clmul, erms, lzcnt, ht, tsc, tscinvbit, bmi1, bmi2

Memory: 4k page, physical 8291776k(3457220k free), swap 16581708k(11450300k free)

vm_info: Java HotSpot(TM) Client VM (25.181-b13) for windows-x86 JRE (1.8.0_181-b13), built on Jul  7 2018 03:18:20 by "java_re" with MS VC++ 10.0 (VS2010)

time: Thu Jan 02 11:04:33 2020
elapsed time: 8 seconds (0d 0h 0m 8s)

