[2019-12-31 18:17:12] [level] org.soyatec.s2.Activator 80 configureLog - 
------------Version info------------
Platform version:	5.0.45
HiChannel version:	5.0.2.v20181029-0437
------------------------------------

[2019-12-31 18:18:38] [level] org.soyatec.s2.Activator 80 configureLog - 
------------Version info------------
Platform version:	5.0.45
HiChannel version:	5.0.2.v20181029-0437
------------------------------------

[2019-12-31 18:19:42] [level] org.soyatec.s2.Activator 80 configureLog - 
------------Version info------------
Platform version:	5.0.45
HiChannel version:	5.0.2.v20181029-0437
------------------------------------

[2019-12-31 18:20:55] [level] org.soyatec.s2.Activator 80 configureLog - 
------------Version info------------
Platform version:	5.0.45
HiChannel version:	5.0.2.v20181029-0437
------------------------------------

[2019-12-31 18:21:38] [level] org.soyatec.s2.Activator 80 configureLog - 
------------Version info------------
Platform version:	5.0.45
HiChannel version:	5.0.2.v20181029-0437
------------------------------------

[2020-01-02 09:51:46] [level] org.soyatec.s2.Activator 80 configureLog - 
------------Version info------------
Platform version:	5.0.45
HiChannel version:	5.0.2.v20181029-0437
------------------------------------

[2020-01-02 10:09:11] [level] org.soyatec.s2.Activator 80 configureLog - 
------------Version info------------
Platform version:	5.0.45
HiChannel version:	5.0.2.v20181029-0437
------------------------------------

[2020-01-02 10:09:38] [level] org.soyatec.s2.Activator 80 configureLog - 
------------Version info------------
Platform version:	5.0.45
HiChannel version:	5.0.2.v20181029-0437
------------------------------------

[2020-01-02 11:04:27] [level] org.soyatec.s2.Activator 80 configureLog - 
------------Version info------------
Platform version:	5.0.45
HiChannel version:	5.0.2.v20181029-0437
------------------------------------

[2020-01-02 11:10:04] [level] org.soyatec.s2.Activator 80 configureLog - 
------------Version info------------
Platform version:	5.0.45
HiChannel version:	5.0.2.v20181029-0437
------------------------------------

[2020-01-02 11:10:27] [level] org.soyatec.s2.Activator 80 configureLog - 
------------Version info------------
Platform version:	5.0.45
HiChannel version:	5.0.2.v20181029-0437
------------------------------------

[2020-01-02 11:11:07] [level] org.soyatec.s2.Activator 80 configureLog - 
------------Version info------------
Platform version:	5.0.45
HiChannel version:	5.0.2.v20181029-0437
------------------------------------

[2020-01-02 11:11:22] [level] org.soyatec.s2.Activator 80 configureLog - 
------------Version info------------
Platform version:	5.0.45
HiChannel version:	5.0.2.v20181029-0437
------------------------------------

[2020-01-02 11:11:36] [level] org.soyatec.s2.Activator 80 configureLog - 
------------Version info------------
Platform version:	5.0.45
HiChannel version:	5.0.2.v20181029-0437
------------------------------------

[2020-01-02 11:11:53] [level] org.soyatec.s2.Activator 80 configureLog - 
------------Version info------------
Platform version:	5.0.45
HiChannel version:	5.0.2.v20181029-0437
------------------------------------

